0 info it worked if it ends with ok
1 verbose cli [ '/usr/bin/nodejs',
1 verbose cli   '/usr/bin/npm',
1 verbose cli   'install',
1 verbose cli   'express-generator',
1 verbose cli   '-g' ]
2 info using npm@3.5.2
3 info using node@v4.2.6
4 silly loadCurrentTree Starting
5 silly install loadCurrentTree
6 silly install readGlobalPackageData
7 silly fetchPackageMetaData express-generator
8 silly fetchNamedPackageData express-generator
9 silly mapToRegistry name express-generator
10 silly mapToRegistry using default registry
11 silly mapToRegistry registry https://registry.npmjs.org/
12 silly mapToRegistry uri https://registry.npmjs.org/express-generator
13 verbose request uri https://registry.npmjs.org/express-generator
14 verbose request no auth needed
15 info attempt registry request try #1 at 4:19:21 PM
16 verbose request id 8ae7464b51101634
17 http request GET https://registry.npmjs.org/express-generator
18 http 200 https://registry.npmjs.org/express-generator
19 verbose headers { server: 'nginx/1.10.1',
19 verbose headers   'content-type': 'application/json',
19 verbose headers   'last-modified': 'Mon, 05 Dec 2016 05:02:33 GMT',
19 verbose headers   etag: 'W/"5844f4e9-8dc5"',
19 verbose headers   'content-encoding': 'gzip',
19 verbose headers   'cache-control': 'max-age=300',
19 verbose headers   'content-length': '4279',
19 verbose headers   'accept-ranges': 'bytes',
19 verbose headers   date: 'Sat, 17 Dec 2016 21:19:21 GMT',
19 verbose headers   via: '1.1 varnish',
19 verbose headers   age: '154',
19 verbose headers   connection: 'keep-alive',
19 verbose headers   'x-served-by': 'cache-jfk8147-JFK',
19 verbose headers   'x-cache': 'HIT',
19 verbose headers   'x-cache-hits': '1',
19 verbose headers   'x-timer': 'S1482009561.199165,VS0,VE0',
19 verbose headers   vary: 'Accept-Encoding' }
20 silly get cb [ 200,
20 silly get   { server: 'nginx/1.10.1',
20 silly get     'content-type': 'application/json',
20 silly get     'last-modified': 'Mon, 05 Dec 2016 05:02:33 GMT',
20 silly get     etag: 'W/"5844f4e9-8dc5"',
20 silly get     'content-encoding': 'gzip',
20 silly get     'cache-control': 'max-age=300',
20 silly get     'content-length': '4279',
20 silly get     'accept-ranges': 'bytes',
20 silly get     date: 'Sat, 17 Dec 2016 21:19:21 GMT',
20 silly get     via: '1.1 varnish',
20 silly get     age: '154',
20 silly get     connection: 'keep-alive',
20 silly get     'x-served-by': 'cache-jfk8147-JFK',
20 silly get     'x-cache': 'HIT',
20 silly get     'x-cache-hits': '1',
20 silly get     'x-timer': 'S1482009561.199165,VS0,VE0',
20 silly get     vary: 'Accept-Encoding' } ]
21 verbose get saving express-generator to /home/tom/.npm/registry.npmjs.org/express-generator/.cache.json
22 silly install normalizeTree
23 silly loadCurrentTree Finishing
24 silly loadIdealTree Starting
25 silly install loadIdealTree
26 silly cloneCurrentTree Starting
27 silly install cloneCurrentTreeToIdealTree
28 silly cloneCurrentTree Finishing
29 silly loadShrinkwrap Starting
30 silly install loadShrinkwrap
31 silly loadShrinkwrap Finishing
32 silly loadAllDepsIntoIdealTree Starting
33 silly install loadAllDepsIntoIdealTree
34 silly resolveWithNewModule express-generator@4.14.0 checking installable status
35 silly cache add args [ 'express-generator', null ]
36 verbose cache add spec express-generator
37 silly cache add parsed spec Result {
37 silly cache add   raw: 'express-generator',
37 silly cache add   scope: null,
37 silly cache add   name: 'express-generator',
37 silly cache add   rawSpec: '',
37 silly cache add   spec: 'latest',
37 silly cache add   type: 'tag' }
38 silly addNamed express-generator@latest
39 verbose addNamed "latest" is being treated as a dist-tag for express-generator
40 info addNameTag [ 'express-generator', 'latest' ]
41 silly mapToRegistry name express-generator
42 silly mapToRegistry using default registry
43 silly mapToRegistry registry https://registry.npmjs.org/
44 silly mapToRegistry uri https://registry.npmjs.org/express-generator
45 verbose addNameTag registry:https://registry.npmjs.org/express-generator not in flight; fetching
46 verbose get https://registry.npmjs.org/express-generator not expired, no request
47 silly addNameTag next cb for express-generator with tag latest
48 silly addNamed express-generator@4.14.0
49 verbose addNamed "4.14.0" is a plain semver version for express-generator
50 silly mapToRegistry name express-generator
51 silly mapToRegistry using default registry
52 silly mapToRegistry registry https://registry.npmjs.org/
53 silly mapToRegistry uri https://registry.npmjs.org/express-generator
54 verbose addRemoteTarball https://registry.npmjs.org/express-generator/-/express-generator-4.14.0.tgz not in flight; adding
55 verbose addRemoteTarball [ 'https://registry.npmjs.org/express-generator/-/express-generator-4.14.0.tgz',
55 verbose addRemoteTarball   '4abff6edd5b92dfc47f9967e1ce6b4c7164e6ab8' ]
56 info retry fetch attempt 1 at 4:19:21 PM
57 info attempt registry request try #1 at 4:19:21 PM
58 http fetch GET https://registry.npmjs.org/express-generator/-/express-generator-4.14.0.tgz
59 http fetch 200 https://registry.npmjs.org/express-generator/-/express-generator-4.14.0.tgz
60 silly fetchAndShaCheck shasum 4abff6edd5b92dfc47f9967e1ce6b4c7164e6ab8
61 verbose addTmpTarball /tmp/npm-2205-18c43ec4/registry.npmjs.org/express-generator/-/express-generator-4.14.0.tgz not in flight; adding
62 verbose addTmpTarball already have metadata; skipping unpack for express-generator@4.14.0
63 silly cache afterAdd express-generator@4.14.0
64 verbose afterAdd /home/tom/.npm/express-generator/4.14.0/package/package.json not in flight; writing
65 verbose afterAdd /home/tom/.npm/express-generator/4.14.0/package/package.json written
66 silly fetchNamedPackageData commander
67 silly mapToRegistry name commander
68 silly mapToRegistry using default registry
69 silly mapToRegistry registry https://registry.npmjs.org/
70 silly mapToRegistry uri https://registry.npmjs.org/commander
71 silly fetchNamedPackageData mkdirp
72 silly mapToRegistry name mkdirp
73 silly mapToRegistry using default registry
74 silly mapToRegistry registry https://registry.npmjs.org/
75 silly mapToRegistry uri https://registry.npmjs.org/mkdirp
76 silly fetchNamedPackageData sorted-object
77 silly mapToRegistry name sorted-object
78 silly mapToRegistry using default registry
79 silly mapToRegistry registry https://registry.npmjs.org/
80 silly mapToRegistry uri https://registry.npmjs.org/sorted-object
81 verbose request uri https://registry.npmjs.org/sorted-object
82 verbose request no auth needed
83 info attempt registry request try #1 at 4:19:21 PM
84 http request GET https://registry.npmjs.org/sorted-object
85 verbose request uri https://registry.npmjs.org/commander
86 verbose request no auth needed
87 info attempt registry request try #1 at 4:19:21 PM
88 verbose etag W/"58414f0c-fc30"
89 verbose lastModified Fri, 02 Dec 2016 10:38:04 GMT
90 http request GET https://registry.npmjs.org/commander
91 verbose request uri https://registry.npmjs.org/mkdirp
92 verbose request no auth needed
93 info attempt registry request try #1 at 4:19:21 PM
94 verbose etag W/"583edc2b-6098"
95 verbose lastModified Wed, 30 Nov 2016 14:03:23 GMT
96 http request GET https://registry.npmjs.org/mkdirp
97 http 200 https://registry.npmjs.org/sorted-object
98 verbose headers { server: 'nginx/1.10.1',
98 verbose headers   'content-type': 'application/json',
98 verbose headers   'last-modified': 'Sat, 10 Sep 2016 23:39:29 GMT',
98 verbose headers   etag: 'W/"57d499b1-1545"',
98 verbose headers   'content-encoding': 'gzip',
98 verbose headers   'cache-control': 'max-age=300',
98 verbose headers   'content-length': '1619',
98 verbose headers   'accept-ranges': 'bytes',
98 verbose headers   date: 'Sat, 17 Dec 2016 21:19:21 GMT',
98 verbose headers   via: '1.1 varnish',
98 verbose headers   age: '0',
98 verbose headers   connection: 'keep-alive',
98 verbose headers   'x-served-by': 'cache-jfk8138-JFK',
98 verbose headers   'x-cache': 'HIT',
98 verbose headers   'x-cache-hits': '1',
98 verbose headers   'x-timer': 'S1482009561.467261,VS0,VE7',
98 verbose headers   vary: 'Accept-Encoding' }
99 silly get cb [ 200,
99 silly get   { server: 'nginx/1.10.1',
99 silly get     'content-type': 'application/json',
99 silly get     'last-modified': 'Sat, 10 Sep 2016 23:39:29 GMT',
99 silly get     etag: 'W/"57d499b1-1545"',
99 silly get     'content-encoding': 'gzip',
99 silly get     'cache-control': 'max-age=300',
99 silly get     'content-length': '1619',
99 silly get     'accept-ranges': 'bytes',
99 silly get     date: 'Sat, 17 Dec 2016 21:19:21 GMT',
99 silly get     via: '1.1 varnish',
99 silly get     age: '0',
99 silly get     connection: 'keep-alive',
99 silly get     'x-served-by': 'cache-jfk8138-JFK',
99 silly get     'x-cache': 'HIT',
99 silly get     'x-cache-hits': '1',
99 silly get     'x-timer': 'S1482009561.467261,VS0,VE7',
99 silly get     vary: 'Accept-Encoding' } ]
100 verbose get saving sorted-object to /home/tom/.npm/registry.npmjs.org/sorted-object/.cache.json
101 http 200 https://registry.npmjs.org/commander
102 verbose headers { server: 'nginx/1.10.1',
102 verbose headers   'content-type': 'application/json',
102 verbose headers   'last-modified': 'Fri, 16 Dec 2016 18:47:16 GMT',
102 verbose headers   etag: 'W/"585436b4-fd08"',
102 verbose headers   'content-encoding': 'gzip',
102 verbose headers   'cache-control': 'max-age=300',
102 verbose headers   'content-length': '12367',
102 verbose headers   'accept-ranges': 'bytes',
102 verbose headers   date: 'Sat, 17 Dec 2016 21:19:21 GMT',
102 verbose headers   via: '1.1 varnish',
102 verbose headers   age: '179',
102 verbose headers   connection: 'keep-alive',
102 verbose headers   'x-served-by': 'cache-jfk8125-JFK',
102 verbose headers   'x-cache': 'HIT',
102 verbose headers   'x-cache-hits': '5',
102 verbose headers   'x-timer': 'S1482009561.474113,VS0,VE0',
102 verbose headers   vary: 'Accept-Encoding' }
103 silly get cb [ 200,
103 silly get   { server: 'nginx/1.10.1',
103 silly get     'content-type': 'application/json',
103 silly get     'last-modified': 'Fri, 16 Dec 2016 18:47:16 GMT',
103 silly get     etag: 'W/"585436b4-fd08"',
103 silly get     'content-encoding': 'gzip',
103 silly get     'cache-control': 'max-age=300',
103 silly get     'content-length': '12367',
103 silly get     'accept-ranges': 'bytes',
103 silly get     date: 'Sat, 17 Dec 2016 21:19:21 GMT',
103 silly get     via: '1.1 varnish',
103 silly get     age: '179',
103 silly get     connection: 'keep-alive',
103 silly get     'x-served-by': 'cache-jfk8125-JFK',
103 silly get     'x-cache': 'HIT',
103 silly get     'x-cache-hits': '5',
103 silly get     'x-timer': 'S1482009561.474113,VS0,VE0',
103 silly get     vary: 'Accept-Encoding' } ]
104 verbose get saving commander to /home/tom/.npm/registry.npmjs.org/commander/.cache.json
105 http 200 https://registry.npmjs.org/mkdirp
106 verbose headers { server: 'nginx/1.10.1',
106 verbose headers   'content-type': 'application/json',
106 verbose headers   'last-modified': 'Wed, 14 Dec 2016 04:48:08 GMT',
106 verbose headers   etag: 'W/"5850cf08-60bb"',
106 verbose headers   'content-encoding': 'gzip',
106 verbose headers   'cache-control': 'max-age=300',
106 verbose headers   'content-length': '4624',
106 verbose headers   'accept-ranges': 'bytes',
106 verbose headers   date: 'Sat, 17 Dec 2016 21:19:21 GMT',
106 verbose headers   via: '1.1 varnish',
106 verbose headers   age: '6',
106 verbose headers   connection: 'keep-alive',
106 verbose headers   'x-served-by': 'cache-jfk8134-JFK',
106 verbose headers   'x-cache': 'HIT',
106 verbose headers   'x-cache-hits': '1',
106 verbose headers   'x-timer': 'S1482009561.480312,VS0,VE0',
106 verbose headers   vary: 'Accept-Encoding' }
107 silly get cb [ 200,
107 silly get   { server: 'nginx/1.10.1',
107 silly get     'content-type': 'application/json',
107 silly get     'last-modified': 'Wed, 14 Dec 2016 04:48:08 GMT',
107 silly get     etag: 'W/"5850cf08-60bb"',
107 silly get     'content-encoding': 'gzip',
107 silly get     'cache-control': 'max-age=300',
107 silly get     'content-length': '4624',
107 silly get     'accept-ranges': 'bytes',
107 silly get     date: 'Sat, 17 Dec 2016 21:19:21 GMT',
107 silly get     via: '1.1 varnish',
107 silly get     age: '6',
107 silly get     connection: 'keep-alive',
107 silly get     'x-served-by': 'cache-jfk8134-JFK',
107 silly get     'x-cache': 'HIT',
107 silly get     'x-cache-hits': '1',
107 silly get     'x-timer': 'S1482009561.480312,VS0,VE0',
107 silly get     vary: 'Accept-Encoding' } ]
108 verbose get saving mkdirp to /home/tom/.npm/registry.npmjs.org/mkdirp/.cache.json
109 silly resolveWithNewModule sorted-object@2.0.0 checking installable status
110 silly cache add args [ 'sorted-object@2.0.0', null ]
111 verbose cache add spec sorted-object@2.0.0
112 silly cache add parsed spec Result {
112 silly cache add   raw: 'sorted-object@2.0.0',
112 silly cache add   scope: null,
112 silly cache add   name: 'sorted-object',
112 silly cache add   rawSpec: '2.0.0',
112 silly cache add   spec: '2.0.0',
112 silly cache add   type: 'version' }
113 silly addNamed sorted-object@2.0.0
114 verbose addNamed "2.0.0" is a plain semver version for sorted-object
115 silly mapToRegistry name sorted-object
116 silly mapToRegistry using default registry
117 silly mapToRegistry registry https://registry.npmjs.org/
118 silly mapToRegistry uri https://registry.npmjs.org/sorted-object
119 verbose addNameVersion registry:https://registry.npmjs.org/sorted-object not in flight; fetching
120 silly resolveWithNewModule mkdirp@0.5.1 checking installable status
121 silly cache add args [ 'mkdirp@0.5.1', null ]
122 verbose cache add spec mkdirp@0.5.1
123 silly cache add parsed spec Result {
123 silly cache add   raw: 'mkdirp@0.5.1',
123 silly cache add   scope: null,
123 silly cache add   name: 'mkdirp',
123 silly cache add   rawSpec: '0.5.1',
123 silly cache add   spec: '0.5.1',
123 silly cache add   type: 'version' }
124 silly addNamed mkdirp@0.5.1
125 verbose addNamed "0.5.1" is a plain semver version for mkdirp
126 silly mapToRegistry name mkdirp
127 silly mapToRegistry using default registry
128 silly mapToRegistry registry https://registry.npmjs.org/
129 silly mapToRegistry uri https://registry.npmjs.org/mkdirp
130 verbose addNameVersion registry:https://registry.npmjs.org/mkdirp not in flight; fetching
131 silly resolveWithNewModule commander@2.9.0 checking installable status
132 silly cache add args [ 'commander@2.9.0', null ]
133 verbose cache add spec commander@2.9.0
134 silly cache add parsed spec Result {
134 silly cache add   raw: 'commander@2.9.0',
134 silly cache add   scope: null,
134 silly cache add   name: 'commander',
134 silly cache add   rawSpec: '2.9.0',
134 silly cache add   spec: '2.9.0',
134 silly cache add   type: 'version' }
135 silly addNamed commander@2.9.0
136 verbose addNamed "2.9.0" is a plain semver version for commander
137 silly mapToRegistry name commander
138 silly mapToRegistry using default registry
139 silly mapToRegistry registry https://registry.npmjs.org/
140 silly mapToRegistry uri https://registry.npmjs.org/commander
141 verbose addNameVersion registry:https://registry.npmjs.org/commander not in flight; fetching
142 verbose get https://registry.npmjs.org/sorted-object not expired, no request
143 verbose get https://registry.npmjs.org/mkdirp not expired, no request
144 verbose get https://registry.npmjs.org/commander not expired, no request
145 silly mapToRegistry name sorted-object
146 silly mapToRegistry using default registry
147 silly mapToRegistry registry https://registry.npmjs.org/
148 silly mapToRegistry uri https://registry.npmjs.org/sorted-object
149 verbose addRemoteTarball https://registry.npmjs.org/sorted-object/-/sorted-object-2.0.0.tgz not in flight; adding
150 verbose addRemoteTarball [ 'https://registry.npmjs.org/sorted-object/-/sorted-object-2.0.0.tgz',
150 verbose addRemoteTarball   '1cfea981609047d8043807a490a9d99b317faf7f' ]
151 info retry fetch attempt 1 at 4:19:21 PM
152 info attempt registry request try #1 at 4:19:21 PM
153 http fetch GET https://registry.npmjs.org/sorted-object/-/sorted-object-2.0.0.tgz
154 silly cache afterAdd commander@2.9.0
155 verbose afterAdd /home/tom/.npm/commander/2.9.0/package/package.json not in flight; writing
156 silly cache afterAdd mkdirp@0.5.1
157 verbose afterAdd /home/tom/.npm/mkdirp/0.5.1/package/package.json not in flight; writing
158 verbose afterAdd /home/tom/.npm/commander/2.9.0/package/package.json written
159 verbose afterAdd /home/tom/.npm/mkdirp/0.5.1/package/package.json written
160 http fetch 200 https://registry.npmjs.org/sorted-object/-/sorted-object-2.0.0.tgz
161 silly fetchAndShaCheck shasum 1cfea981609047d8043807a490a9d99b317faf7f
162 verbose addTmpTarball /tmp/npm-2205-18c43ec4/registry.npmjs.org/sorted-object/-/sorted-object-2.0.0.tgz not in flight; adding
163 verbose addTmpTarball already have metadata; skipping unpack for sorted-object@2.0.0
164 silly cache afterAdd sorted-object@2.0.0
165 verbose afterAdd /home/tom/.npm/sorted-object/2.0.0/package/package.json not in flight; writing
166 verbose afterAdd /home/tom/.npm/sorted-object/2.0.0/package/package.json written
167 silly fetchNamedPackageData graceful-readlink
168 silly mapToRegistry name graceful-readlink
169 silly mapToRegistry using default registry
170 silly mapToRegistry registry https://registry.npmjs.org/
171 silly mapToRegistry uri https://registry.npmjs.org/graceful-readlink
172 verbose request uri https://registry.npmjs.org/graceful-readlink
173 verbose request no auth needed
174 info attempt registry request try #1 at 4:19:21 PM
175 verbose etag W/"5818d05e-c0c"
176 verbose lastModified Tue, 01 Nov 2016 17:26:54 GMT
177 http request GET https://registry.npmjs.org/graceful-readlink
178 http 304 https://registry.npmjs.org/graceful-readlink
179 verbose headers { date: 'Sat, 17 Dec 2016 21:19:21 GMT',
179 verbose headers   via: '1.1 varnish',
179 verbose headers   'cache-control': 'max-age=300',
179 verbose headers   etag: 'W/"5818d05e-c0c"',
179 verbose headers   age: '193',
179 verbose headers   connection: 'keep-alive',
179 verbose headers   'x-served-by': 'cache-jfk8120-JFK',
179 verbose headers   'x-cache': 'HIT',
179 verbose headers   'x-cache-hits': '4',
179 verbose headers   'x-timer': 'S1482009561.735986,VS0,VE0',
179 verbose headers   vary: 'Accept-Encoding' }
180 silly get cb [ 304,
180 silly get   { date: 'Sat, 17 Dec 2016 21:19:21 GMT',
180 silly get     via: '1.1 varnish',
180 silly get     'cache-control': 'max-age=300',
180 silly get     etag: 'W/"5818d05e-c0c"',
180 silly get     age: '193',
180 silly get     connection: 'keep-alive',
180 silly get     'x-served-by': 'cache-jfk8120-JFK',
180 silly get     'x-cache': 'HIT',
180 silly get     'x-cache-hits': '4',
180 silly get     'x-timer': 'S1482009561.735986,VS0,VE0',
180 silly get     vary: 'Accept-Encoding' } ]
181 verbose etag https://registry.npmjs.org/graceful-readlink from cache
182 verbose get saving graceful-readlink to /home/tom/.npm/registry.npmjs.org/graceful-readlink/.cache.json
183 silly resolveWithNewModule graceful-readlink@1.0.1 checking installable status
184 silly cache add args [ 'graceful-readlink@>= 1.0.0', null ]
185 verbose cache add spec graceful-readlink@>= 1.0.0
186 silly cache add parsed spec Result {
186 silly cache add   raw: 'graceful-readlink@>= 1.0.0',
186 silly cache add   scope: null,
186 silly cache add   name: 'graceful-readlink',
186 silly cache add   rawSpec: '>= 1.0.0',
186 silly cache add   spec: '>=1.0.0',
186 silly cache add   type: 'range' }
187 silly addNamed graceful-readlink@>=1.0.0
188 verbose addNamed ">=1.0.0" is a valid semver range for graceful-readlink
189 silly addNameRange { name: 'graceful-readlink', range: '>=1.0.0', hasData: false }
190 silly mapToRegistry name graceful-readlink
191 silly mapToRegistry using default registry
192 silly mapToRegistry registry https://registry.npmjs.org/
193 silly mapToRegistry uri https://registry.npmjs.org/graceful-readlink
194 verbose addNameRange registry:https://registry.npmjs.org/graceful-readlink not in flight; fetching
195 verbose get https://registry.npmjs.org/graceful-readlink not expired, no request
196 silly addNameRange number 2 { name: 'graceful-readlink', range: '>=1.0.0', hasData: true }
197 silly addNameRange versions [ 'graceful-readlink', [ '1.0.0', '1.0.1' ] ]
198 silly addNamed graceful-readlink@1.0.1
199 verbose addNamed "1.0.1" is a plain semver version for graceful-readlink
200 silly cache afterAdd graceful-readlink@1.0.1
201 verbose afterAdd /home/tom/.npm/graceful-readlink/1.0.1/package/package.json not in flight; writing
202 verbose afterAdd /home/tom/.npm/graceful-readlink/1.0.1/package/package.json written
203 silly fetchNamedPackageData minimist
204 silly mapToRegistry name minimist
205 silly mapToRegistry using default registry
206 silly mapToRegistry registry https://registry.npmjs.org/
207 silly mapToRegistry uri https://registry.npmjs.org/minimist
208 verbose request uri https://registry.npmjs.org/minimist
209 verbose request no auth needed
210 info attempt registry request try #1 at 4:19:21 PM
211 verbose etag W/"583edd12-7206"
212 verbose lastModified Wed, 30 Nov 2016 14:07:14 GMT
213 http request GET https://registry.npmjs.org/minimist
214 http 200 https://registry.npmjs.org/minimist
215 verbose headers { server: 'nginx/1.10.1',
215 verbose headers   'content-type': 'application/json',
215 verbose headers   'last-modified': 'Fri, 16 Dec 2016 05:14:25 GMT',
215 verbose headers   etag: 'W/"58537831-726a"',
215 verbose headers   'content-encoding': 'gzip',
215 verbose headers   'cache-control': 'max-age=300',
215 verbose headers   'content-length': '5458',
215 verbose headers   'accept-ranges': 'bytes',
215 verbose headers   date: 'Sat, 17 Dec 2016 21:19:21 GMT',
215 verbose headers   via: '1.1 varnish',
215 verbose headers   age: '104',
215 verbose headers   connection: 'keep-alive',
215 verbose headers   'x-served-by': 'cache-jfk8145-JFK',
215 verbose headers   'x-cache': 'HIT',
215 verbose headers   'x-cache-hits': '4',
215 verbose headers   'x-timer': 'S1482009561.848034,VS0,VE0',
215 verbose headers   vary: 'Accept-Encoding' }
216 silly get cb [ 200,
216 silly get   { server: 'nginx/1.10.1',
216 silly get     'content-type': 'application/json',
216 silly get     'last-modified': 'Fri, 16 Dec 2016 05:14:25 GMT',
216 silly get     etag: 'W/"58537831-726a"',
216 silly get     'content-encoding': 'gzip',
216 silly get     'cache-control': 'max-age=300',
216 silly get     'content-length': '5458',
216 silly get     'accept-ranges': 'bytes',
216 silly get     date: 'Sat, 17 Dec 2016 21:19:21 GMT',
216 silly get     via: '1.1 varnish',
216 silly get     age: '104',
216 silly get     connection: 'keep-alive',
216 silly get     'x-served-by': 'cache-jfk8145-JFK',
216 silly get     'x-cache': 'HIT',
216 silly get     'x-cache-hits': '4',
216 silly get     'x-timer': 'S1482009561.848034,VS0,VE0',
216 silly get     vary: 'Accept-Encoding' } ]
217 verbose get saving minimist to /home/tom/.npm/registry.npmjs.org/minimist/.cache.json
218 silly resolveWithNewModule minimist@0.0.8 checking installable status
219 silly cache add args [ 'minimist@0.0.8', null ]
220 verbose cache add spec minimist@0.0.8
221 silly cache add parsed spec Result {
221 silly cache add   raw: 'minimist@0.0.8',
221 silly cache add   scope: null,
221 silly cache add   name: 'minimist',
221 silly cache add   rawSpec: '0.0.8',
221 silly cache add   spec: '0.0.8',
221 silly cache add   type: 'version' }
222 silly addNamed minimist@0.0.8
223 verbose addNamed "0.0.8" is a plain semver version for minimist
224 silly mapToRegistry name minimist
225 silly mapToRegistry using default registry
226 silly mapToRegistry registry https://registry.npmjs.org/
227 silly mapToRegistry uri https://registry.npmjs.org/minimist
228 verbose addNameVersion registry:https://registry.npmjs.org/minimist not in flight; fetching
229 verbose get https://registry.npmjs.org/minimist not expired, no request
230 silly cache afterAdd minimist@0.0.8
231 verbose afterAdd /home/tom/.npm/minimist/0.0.8/package/package.json not in flight; writing
232 verbose afterAdd /home/tom/.npm/minimist/0.0.8/package/package.json written
233 silly loadAllDepsIntoIdealTree Finishing
234 silly idealTree:prePrune lib
234 silly idealTree:prePrune └─┬ express-generator@4.14.0
234 silly idealTree:prePrune   ├── commander@2.9.0
234 silly idealTree:prePrune   ├── graceful-readlink@1.0.1
234 silly idealTree:prePrune   ├── minimist@0.0.8
234 silly idealTree:prePrune   ├── mkdirp@0.5.1
234 silly idealTree:prePrune   └── sorted-object@2.0.0
235 silly loadIdealTree Finishing
236 silly currentTree lib
237 silly idealTree lib
237 silly idealTree └─┬ express-generator@4.14.0
237 silly idealTree   ├── commander@2.9.0
237 silly idealTree   ├── graceful-readlink@1.0.1
237 silly idealTree   ├── minimist@0.0.8
237 silly idealTree   ├── mkdirp@0.5.1
237 silly idealTree   └── sorted-object@2.0.0
238 silly generateActionsToTake Starting
239 silly install generateActionsToTake
240 warn checkPermissions Missing write access to /usr/local/lib
241 silly rollbackFailedOptional Starting
242 silly rollbackFailedOptional Finishing
243 silly runTopLevelLifecycles Starting
244 silly runTopLevelLifecycles Finishing
245 silly install printInstalled
246 verbose stack Error: EACCES: permission denied, access '/usr/local/lib'
246 verbose stack     at Error (native)
247 verbose cwd /home/tom/tmp/esp8266
248 error Linux 4.4.0-53-generic
249 error argv "/usr/bin/nodejs" "/usr/bin/npm" "install" "express-generator" "-g"
250 error node v4.2.6
251 error npm  v3.5.2
252 error path /usr/local/lib
253 error code EACCES
254 error errno -13
255 error syscall access
256 error Error: EACCES: permission denied, access '/usr/local/lib'
256 error     at Error (native)
256 error  { [Error: EACCES: permission denied, access '/usr/local/lib']
256 error   errno: -13,
256 error   code: 'EACCES',
256 error   syscall: 'access',
256 error   path: '/usr/local/lib' }
257 error Please try running this command again as root/Administrator.
258 verbose exit [ -13, true ]
